2026-02-05 19:58:35 | INFO | ENTER TRADE START | ZAMAUSDT | Qty=418.0
2026-02-05 19:58:35 | INFO | FUTURES SELL | ZAMAUSDT | Qty=418.0 | Price=0.0292
2026-02-05 19:58:35 | INFO | SPOT BUY | ZAMAUSDT | Qty=418.0 | Price=0.02901
2026-02-05 19:58:35 | INFO | ENTRY SUMMARY | ZAMAUSDT | Spot=0.02901 | Futures=0.0292 | RawSpread=0.6549%
2026-02-05 19:58:37 | INFO | EXIT TRADE START | ZAMAUSDT
2026-02-05 19:58:38 | INFO | SPOT SELL | ZAMAUSDT | Qty=417.0 | Price=0.02898
2026-02-05 19:58:39 | INFO | FUTURES CLOSE | ZAMAUSDT | Qty=418.0 | Price=0.029
2026-02-05 19:58:39 | INFO | TRADE COMPLETE | ZAMAUSDT | SpotEntry=None | FuturesEntry=None | SpotExit=0.02898 | FuturesExit=0.029
2026-02-05 20:10:53 | INFO | ENTER TRADE START | ZAMAUSDT | Qty=421.0
2026-02-05 20:10:53 | INFO | FUTURES SELL | ZAMAUSDT | Qty=421.0 | Price=0.0289
2026-02-05 20:10:54 | INFO | SPOT BUY | ZAMAUSDT | Qty=421.0 | Price=0.02875
2026-02-05 20:10:54 | INFO | ENTRY SUMMARY | ZAMAUSDT | Spot=0.02875 | Futures=0.0289 | RawSpread=0.5217%
2026-02-05 20:11:09 | INFO | EXIT TRADE START | ZAMAUSDT
2026-02-05 20:11:11 | INFO | SPOT SELL | ZAMAUSDT | Qty=421.0 | Price=0.02869
2026-02-05 20:11:11 | INFO | FUTURES CLOSE | ZAMAUSDT | Qty=421.0 | Price=0.0287
2026-02-05 20:11:11 | INFO | TRADE COMPLETE | ZAMAUSDT | SpotEntry=None | FuturesEntry=None | SpotExit=0.02869 | FuturesExit=0.0287
2026-02-05 20:14:16 | INFO | ENTER TRADE START | ZAMAUSDT | Qty=425.0
2026-02-05 20:14:16 | INFO | FUTURES SELL | ZAMAUSDT | Qty=425.0 | Price=0.0286
2026-02-05 20:14:16 | INFO | SPOT BUY | ZAMAUSDT | Qty=425.0 | Price=0.02837
2026-02-05 20:14:16 | INFO | ENTRY SUMMARY | ZAMAUSDT | Spot=0.02837 | Futures=0.0286 | RawSpread=0.8107%
2026-02-05 20:14:22 | INFO | EXIT TRADE START | ZAMAUSDT
2026-02-05 20:14:23 | INFO | SPOT SELL | ZAMAUSDT | Qty=424.0 | Price=0.0283
2026-02-05 20:14:24 | INFO | FUTURES CLOSE | ZAMAUSDT | Qty=425.0 | Price=0.0284
2026-02-05 20:14:24 | INFO | TRADE COMPLETE | ZAMAUSDT | SpotEntry=None | FuturesEntry=None | SpotExit=0.0283 | FuturesExit=0.0284
2026-02-05 20:16:49 | INFO | ENTER TRADE START | ZAMAUSDT | Qty=416.0
2026-02-05 20:16:49 | INFO | FUTURES SELL | ZAMAUSDT | Qty=416.0 | Price=0.029
2026-02-05 20:16:49 | INFO | SPOT BUY | ZAMAUSDT | Qty=416.0 | Price=0.02882
2026-02-05 20:16:49 | INFO | ENTRY SUMMARY | ZAMAUSDT | Spot=0.02882 | Futures=0.029 | RawSpread=0.6246%
2026-02-05 20:16:52 | INFO | EXIT TRADE START | ZAMAUSDT
2026-02-05 20:16:54 | INFO | SPOT SELL | ZAMAUSDT | Qty=416.0 | Price=0.02878
2026-02-05 20:16:54 | INFO | FUTURES CLOSE | ZAMAUSDT | Qty=416.0 | Price=0.0288
2026-02-05 20:16:54 | INFO | TRADE COMPLETE | ZAMAUSDT | SpotEntry=None | FuturesEntry=None | SpotExit=0.02878 | FuturesExit=0.0288
2026-02-05 20:18:42 | INFO | ENTER TRADE START | ZAMAUSDT | Qty=414.0
2026-02-05 20:18:42 | INFO | FUTURES SELL | ZAMAUSDT | Qty=414.0 | Price=0.0291
2026-02-05 20:18:42 | INFO | SPOT BUY | ZAMAUSDT | Qty=414.0 | Price=0.02894
2026-02-05 20:18:42 | INFO | ENTRY SUMMARY | ZAMAUSDT | Spot=0.02894 | Futures=0.0291 | RawSpread=0.5529%
2026-02-05 20:19:05 | INFO | EXIT TRADE START | ZAMAUSDT
2026-02-05 20:19:07 | INFO | SPOT SELL | ZAMAUSDT | Qty=413.0 | Price=0.02896
2026-02-05 20:19:07 | INFO | FUTURES CLOSE | ZAMAUSDT | Qty=414.0 | Price=0.029
2026-02-05 20:19:07 | INFO | TRADE COMPLETE | ZAMAUSDT | SpotEntry=None | FuturesEntry=None | SpotExit=0.02896 | FuturesExit=0.029
2026-02-05 20:23:28 | INFO | ENTER TRADE START | NEARUSDT | Qty=11.0
2026-02-05 20:23:29 | INFO | FUTURES SELL | NEARUSDT | Qty=11.0 | Price=1.066
2026-02-05 20:23:29 | INFO | SPOT BUY | NEARUSDT | Qty=11.0 | Price=1.057
2026-02-05 20:23:29 | INFO | ENTRY SUMMARY | NEARUSDT | Spot=1.057 | Futures=1.066 | RawSpread=0.8515%
2026-02-05 20:23:30 | INFO | EXIT TRADE START | NEARUSDT
2026-02-05 20:23:32 | INFO | SPOT SELL | NEARUSDT | Qty=10.9 | Price=1.054
2026-02-05 20:23:32 | INFO | FUTURES CLOSE | NEARUSDT | Qty=11.0 | Price=1.057
2026-02-05 20:23:32 | INFO | TRADE COMPLETE | NEARUSDT | SpotEntry=None | FuturesEntry=None | SpotExit=1.054 | FuturesExit=1.057
2026-02-05 20:27:58 | INFO | ENTER TRADE START | ZAMAUSDT | Qty=409.0
2026-02-05 20:27:58 | INFO | FUTURES SELL | ZAMAUSDT | Qty=409.0 | Price=0.029
2026-02-05 20:27:59 | INFO | SPOT BUY | ZAMAUSDT | Qty=409.0 | Price=0.02879
2026-02-05 20:27:59 | INFO | ENTRY SUMMARY | ZAMAUSDT | Spot=0.02879 | Futures=0.029 | RawSpread=0.7294%
2026-02-05 20:28:01 | INFO | EXIT TRADE START | ZAMAUSDT
2026-02-05 20:28:03 | INFO | SPOT SELL | ZAMAUSDT | Qty=409.0 | Price=0.02879
2026-02-05 20:28:03 | INFO | FUTURES CLOSE | ZAMAUSDT | Qty=409.0 | Price=0.0288
2026-02-05 20:28:03 | INFO | TRADE COMPLETE | ZAMAUSDT | SpotEntry=None | FuturesEntry=None | SpotExit=0.02879 | FuturesExit=0.0288
2026-02-05 20:28:45 | INFO | ENTER TRADE START | ZAMAUSDT | Qty=410.0
2026-02-05 20:28:46 | INFO | FUTURES SELL | ZAMAUSDT | Qty=410.0 | Price=0.0289
2026-02-05 20:28:46 | INFO | SPOT BUY | ZAMAUSDT | Qty=410.0 | Price=0.02864
2026-02-05 20:28:46 | INFO | ENTRY SUMMARY | ZAMAUSDT | Spot=0.02864 | Futures=0.0289 | RawSpread=0.9078%
2026-02-05 20:28:52 | INFO | EXIT TRADE START | ZAMAUSDT
2026-02-05 20:28:53 | INFO | SPOT SELL | ZAMAUSDT | Qty=410.0 | Price=0.0286
2026-02-05 20:28:54 | INFO | FUTURES CLOSE | ZAMAUSDT | Qty=410.0 | Price=0.0287
2026-02-05 20:28:54 | INFO | TRADE COMPLETE | ZAMAUSDT | SpotEntry=None | FuturesEntry=None | SpotExit=0.0286 | FuturesExit=0.0287
2026-02-05 20:32:11 | INFO | ENTER TRADE START | ZAMAUSDT | Qty=412.0
2026-02-05 20:32:11 | INFO | FUTURES SELL | ZAMAUSDT | Qty=412.0 | Price=0.0287
2026-02-05 20:32:11 | INFO | SPOT BUY | ZAMAUSDT | Qty=412.0 | Price=0.02854
2026-02-05 20:32:11 | INFO | ENTRY SUMMARY | ZAMAUSDT | Spot=0.02854 | Futures=0.0287 | RawSpread=0.5606%
2026-02-05 20:32:48 | INFO | EXIT TRADE START | ZAMAUSDT
2026-02-05 20:32:50 | INFO | SPOT SELL | ZAMAUSDT | Qty=411.0 | Price=0.02819
2026-02-05 20:32:50 | INFO | FUTURES CLOSE | ZAMAUSDT | Qty=412.0 | Price=0.0282
2026-02-05 20:32:50 | INFO | TRADE COMPLETE | ZAMAUSDT | SpotEntry=None | FuturesEntry=None | SpotExit=0.02819 | FuturesExit=0.0282
2026-02-05 20:33:48 | INFO | ENTER TRADE START | ZAMAUSDT | Qty=411.0
2026-02-05 20:33:49 | INFO | FUTURES SELL | ZAMAUSDT | Qty=411.0 | Price=0.0283
2026-02-05 20:33:49 | INFO | SPOT BUY | ZAMAUSDT | Qty=411.0 | Price=0.02806
2026-02-05 20:33:49 | INFO | ENTRY SUMMARY | ZAMAUSDT | Spot=0.02806 | Futures=0.0283 | RawSpread=0.8553%
2026-02-05 20:34:01 | INFO | EXIT TRADE START | ZAMAUSDT
2026-02-05 20:34:02 | INFO | SPOT SELL | ZAMAUSDT | Qty=411.0 | Price=0.02808
2026-02-05 20:34:03 | INFO | FUTURES CLOSE | ZAMAUSDT | Qty=411.0 | Price=0.0281
2026-02-05 20:34:03 | INFO | TRADE COMPLETE | ZAMAUSDT | SpotEntry=None | FuturesEntry=None | SpotExit=0.02808 | FuturesExit=0.0281
2026-02-05 20:34:36 | INFO | ENTER TRADE START | ZAMAUSDT | Qty=412.0
2026-02-05 20:34:36 | INFO | FUTURES SELL | ZAMAUSDT | Qty=412.0 | Price=0.0282
2026-02-05 20:34:36 | INFO | SPOT BUY | ZAMAUSDT | Qty=412.0 | Price=0.028
2026-02-05 20:34:36 | INFO | ENTRY SUMMARY | ZAMAUSDT | Spot=0.028 | Futures=0.0282 | RawSpread=0.7143%
2026-02-05 20:34:38 | INFO | EXIT TRADE START | ZAMAUSDT
2026-02-05 20:34:39 | INFO | SPOT SELL | ZAMAUSDT | Qty=411.0 | Price=0.02798
2026-02-05 20:34:40 | INFO | FUTURES CLOSE | ZAMAUSDT | Qty=412.0 | Price=0.028
2026-02-05 20:34:40 | INFO | TRADE COMPLETE | ZAMAUSDT | SpotEntry=None | FuturesEntry=None | SpotExit=0.02798 | FuturesExit=0.028
2026-02-06 05:14:08 | INFO | ENTER TRADE START | ARBUSDT | Qty=114.1
2026-02-06 05:14:47 | INFO | ENTER TRADE START | ZAMAUSDT | Qty=446.0
2026-02-06 05:14:48 | INFO | FUTURES SELL | ZAMAUSDT | Qty=446.0 | Price=0.0262
2026-02-06 05:14:48 | INFO | SPOT BUY | ZAMAUSDT | Qty=446.0 | Price=0.02587
2026-02-06 05:14:48 | INFO | ENTRY SUMMARY | ZAMAUSDT | Spot=0.02587 | Futures=0.0262 | RawSpread=1.2756%
2026-02-06 05:14:49 | INFO | EXIT TRADE START | ZAMAUSDT
2026-02-06 05:14:51 | INFO | SPOT SELL | ZAMAUSDT | Qty=446.0 | Price=0.02598
2026-02-06 05:14:51 | INFO | FUTURES CLOSE | ZAMAUSDT | Qty=446.0 | Price=0.0258
2026-02-06 05:14:51 | INFO | TRADE COMPLETE | ZAMAUSDT | SpotEntry=None | FuturesEntry=None | SpotExit=0.02598 | FuturesExit=0.0258
